rsync: failed to set permissions on "/diag/projects/virome/user_metagenomes/Heijnele": Operation not permitted (1)
rsync: failed to set permissions on "/diag/projects/virome/user_metagenomes/Heijnele/Y99_1_ruw_13239.contig-sequences-gapclosed.fa.gz": Operation not permitted (1)
rsync: failed to set permissions on "/diag/projects/virome/user_metagenomes/Mecoh": Operation not permitted (1)
rsync: failed to set permissions on "/diag/projects/virome/user_metagenomes/Mecoh/0QF_MOCK_DIFF_RAB_C.fa.gz": Operation not permitted (1)
rsync: failed to set permissions on "/diag/projects/virome/user_metagenomes/Mecoh/8TD_MOCK_E.fasta.txt.gz": Operation not permitted (1)
rsync: failed to set permissions on "/diag/projects/virome/user_metagenomes/Mecoh/DHH_MOCK_DIFF_RAB_A.fa.gz": Operation not permitted (1)
rsync: failed to set permissions on "/diag/projects/virome/user_metagenomes/Mecoh/FQ0_MOCK_DIFF_RAB_E.fa.gz": Operation not permitted (1)
rsync: failed to set permissions on "/diag/projects/virome/user_metagenomes/Mecoh/H1W_MOCK_A.fasta.txt.gz": Operation not permitted (1)
rsync: failed to set permissions on "/diag/projects/virome/user_metagenomes/Mecoh/LRE_MOCK_DIFF_RAB_D.fa.gz": Operation not permitted (1)
rsync: failed to set permissions on "/diag/projects/virome/user_metagenomes/Mecoh/NQM_MOCK_B.fasta.txt.gz": Operation not permitted (1)
rsync: failed to set permissions on "/diag/projects/virome/user_metagenomes/Mecoh/PW7_MOCK_C.fasta.txt.gz": Operation not permitted (1)
rsync: failed to set permissions on "/diag/projects/virome/user_metagenomes/Mecoh/UXZ_MOCK_D.fasta.txt.gz": Operation not permitted (1)
rsync: failed to set permissions on "/diag/projects/virome/user_metagenomes/Mecoh/YUQ_MOCK_DIFF_RAB_B.fa.gz": Operation not permitted (1)
rsync: failed to set permissions on "/diag/projects/virome/user_metagenomes/SusanBullman": Operation not permitted (1)
rsync: failed to set permissions on "/diag/projects/virome/user_metagenomes/SusanBullman/2LU_JM_600BP_Galaxy423-velvetg_on_data_421__Contigs.fasta.gz": Operation not permitted (1)
rsync: failed to set permissions on "/diag/projects/virome/user_metagenomes/SusanBullman/I9N_Galaxy39-Trinity_on_data_37__Assembled_Transcripts.fasta.gz": Operation not permitted (1)
rsync: failed to set permissions on "/diag/projects/virome/user_metagenomes/Timofey/540_7pW_scaffold.fa.gz": Operation not permitted (1)
rsync: failed to set permissions on "/diag/projects/virome/user_metagenomes/Timofey/5I7_9pW_scaffold.fa.gz": Operation not permitted (1)
rsync: failed to set permissions on "/diag/projects/virome/user_metagenomes/Timofey/HZ3_2pW_scaffold.fa.gz": Operation not permitted (1)
rsync: failed to set permissions on "/diag/projects/virome/user_metagenomes/Timofey/JKP_6pW_scaffold.fa.gz": Operation not permitted (1)
rsync: failed to set permissions on "/diag/projects/virome/user_metagenomes/Timofey/LOK_8pW_scaffold.fa.gz": Operation not permitted (1)
rsync: failed to set permissions on "/diag/projects/virome/user_metagenomes/Timofey/P1N_4pW_scaffold.fa.gz": Operation not permitted (1)
rsync: failed to set permissions on "/diag/projects/virome/user_metagenomes/Timofey/QUT_3pW_scaffold.fa.gz": Operation not permitted (1)
rsync: failed to set permissions on "/diag/projects/virome/user_metagenomes/Timofey/R07_11pW_scaffold.fa.gz": Operation not permitted (1)
rsync: failed to set permissions on "/diag/projects/virome/user_metagenomes/Timofey/RKX_10pW_scaffold.fa.gz": Operation not permitted (1)
rsync: failed to set permissions on "/diag/projects/virome/user_metagenomes/Timofey/SBY_12pW_scaffold.fa.gz": Operation not permitted (1)
rsync: failed to set permissions on "/diag/projects/virome/user_metagenomes/adit.chaudhary": Operation not permitted (1)
rsync: failed to set permissions on "/diag/projects/virome/user_metagenomes/adit.chaudhary/FRN_D2_L1_virus_dna.fasta.gz": Operation not permitted (1)
rsync: failed to set permissions on "/diag/projects/virome/user_metagenomes/aecheverri": Operation not permitted (1)
rsync: failed to set permissions on "/diag/projects/virome/user_metagenomes/aecheverri/9HM_Vo5b_contigsBIG.fas.gz": Operation not permitted (1)
rsync: failed to set permissions on "/diag/projects/virome/user_metagenomes/bhavsarsunil05": Operation not permitted (1)
rsync: failed to set permissions on "/diag/projects/virome/user_metagenomes/bhavsarsunil05/IZD_ERR340319.fastq.gz": Operation not permitted (1)
rsync: failed to set permissions on "/diag/projects/virome/user_metagenomes/bhavsarsunil05/XX5_kutch_ran_WGS.fastq.gz": Operation not permitted (1)
rsync: failed to set permissions on "/diag/projects/virome/user_metagenomes/bzz10fhu": Operation not permitted (1)
rsync: failed to set permissions on "/diag/projects/virome/user_metagenomes/bzz10fhu/07S_14TB0183_contigs.fa.gz": Operation not permitted (1)
rsync: failed to set permissions on "/diag/projects/virome/user_metagenomes/bzz10fhu/0JN_15TB0081_contigs.fa.gz": Operation not permitted (1)
rsync: failed to set permissions on "/diag/projects/virome/user_metagenomes/bzz10fhu/1U3_15TB0085_contigs.fa.gz": Operation not permitted (1)
rsync: failed to set permissions on "/diag/projects/virome/user_metagenomes/bzz10fhu/1ZJ_15TB0087_contigs.fa.gz": Operation not permitted (1)
rsync: failed to set permissions on "/diag/projects/virome/user_metagenomes/bzz10fhu/81U_15TB0075.assembled.fasta.gz": Operation not permitted (1)
rsync: failed to set permissions on "/diag/projects/virome/user_metagenomes/bzz10fhu/836_14TB0185_contigs.fa.gz": Operation not permitted (1)
rsync: failed to set permissions on "/diag/projects/virome/user_metagenomes/bzz10fhu/CZW_15TB0080_contigs.fa.gz": Operation not permitted (1)
rsync: failed to set permissions on "/diag/projects/virome/user_metagenomes/bzz10fhu/D0T_14TB0184_contigs.fa.gz": Operation not permitted (1)
rsync: failed to set permissions on "/diag/projects/virome/user_metagenomes/bzz10fhu/GP6_14TB0184.assembled.fasta.gz": Operation not permitted (1)
rsync: failed to set permissions on "/diag/projects/virome/user_metagenomes/bzz10fhu/HBZ_14TB0187_contigs.fa.gz": Operation not permitted (1)
rsync: failed to set permissions on "/diag/projects/virome/user_metagenomes/bzz10fhu/M9P_15TB0082_contigs.fa.gz": Operation not permitted (1)
rsync: failed to set permissions on "/diag/projects/virome/user_metagenomes/bzz10fhu/PEX_14TB0180.assembled.fasta.gz": Operation not permitted (1)
rsync: failed to set permissions on "/diag/projects/virome/user_metagenomes/bzz10fhu/QFX_15TB0086_contigs.fa.gz": Operation not permitted (1)
rsync: failed to set permissions on "/diag/projects/virome/user_metagenomes/bzz10fhu/QPX_15TB0084_contigs.fa.gz": Operation not permitted (1)
rsync: failed to set permissions on "/diag/projects/virome/user_metagenomes/bzz10fhu/R2X_15TB0075_contigs.fa.gz": Operation not permitted (1)
rsync: failed to set permissions on "/diag/projects/virome/user_metagenomes/bzz10fhu/RND_14TB0186_contigs.fa.gz": Operation not permitted (1)
rsync: failed to set permissions on "/diag/projects/virome/user_metagenomes/bzz10fhu/RU6_14TB0180_contigs.fa.gz": Operation not permitted (1)
rsync: failed to set permissions on "/diag/projects/virome/user_metagenomes/bzz10fhu/WLC_14TB0185.assembled.fasta.gz": Operation not permitted (1)
rsync: failed to set permissions on "/diag/projects/virome/user_metagenomes/bzz10fhu/WLH_14TB0183.assembled.fasta.gz": Operation not permitted (1)
rsync: failed to set permissions on "/diag/projects/virome/user_metagenomes/bzz10fhu/X7G_14TB0186.assembled.fasta.gz": Operation not permitted (1)
rsync: failed to set permissions on "/diag/projects/virome/user_metagenomes/bzz10fhu/XWG_15TB0083_contigs.fa.gz": Operation not permitted (1)
rsync: failed to set permissions on "/diag/projects/virome/user_metagenomes/bzz10fhu/ZLU_14TB0181.assembled.fasta.gz": Operation not permitted (1)
rsync: failed to set permissions on "/diag/projects/virome/user_metagenomes/bzz10fhu/ZZA_14TB0181_contigs.fa.gz": Operation not permitted (1)
rsync: failed to set permissions on "/diag/projects/virome/user_metagenomes/chariko": Operation not permitted (1)
rsync: failed to set permissions on "/diag/projects/virome/user_metagenomes/chariko/ZZJ_scaffolds.fasta.gz": Operation not permitted (1)
rsync: failed to set permissions on "/diag/projects/virome/user_metagenomes/cherylec": Operation not permitted (1)
rsync: failed to set permissions on "/diag/projects/virome/user_metagenomes/cherylec/28H_10m.ALL.contigs.fasta.gz": Operation not permitted (1)
rsync: failed to set permissions on "/diag/projects/virome/user_metagenomes/cherylec/VSY_200m.ALL.contigs.fasta.gz": Operation not permitted (1)
rsync: failed to set permissions on "/diag/projects/virome/user_metagenomes/chunxiaosudi": Operation not permitted (1)
rsync: failed to set permissions on "/diag/projects/virome/user_metagenomes/chunxiaosudi/1D5_D8.soap.graph_k49.contig.20w.fna": Operation not permitted (1)
rsync: failed to set permissions on "/diag/projects/virome/user_metagenomes/chunxiaosudi/34M_D1.soap.graph_k49.contig.20w.fna.gz": Operation not permitted (1)
rsync: failed to set permissions on "/diag/projects/virome/user_metagenomes/chunxiaosudi/4FX_D12.soap.graph_k45.contig.20w.fna.gz": Operation not permitted (1)
rsync: failed to set permissions on "/diag/projects/virome/user_metagenomes/chunxiaosudi/6K3_D9.soap.graph_k65.contig.20w.fna.gz": Operation not permitted (1)
rsync: failed to set permissions on "/diag/projects/virome/user_metagenomes/chunxiaosudi/8G1_D11.soap.graph_k53.contig.20w.fna.gz": Operation not permitted (1)
rsync: failed to set permissions on "/diag/projects/virome/user_metagenomes/chunxiaosudi/9OG_D3.soap.graph_k49.contig.20w.fna.gz": Operation not permitted (1)
rsync: failed to set permissions on "/diag/projects/virome/user_metagenomes/chunxiaosudi/9TO_D10.soap.graph_k57.contig.20w.fna.gz": Operation not permitted (1)
rsync: failed to set permissions on "/diag/projects/virome/user_metagenomes/chunxiaosudi/CN5_D5.soap.graph_k65.contig.20w.fna.gz": Operation not permitted (1)
rsync: failed to set permissions on "/diag/projects/virome/user_metagenomes/chunxiaosudi/H1M_D6.soap.graph_k65.contig.20w.fna.gz": Operation not permitted (1)
rsync: failed to set permissions on "/diag/projects/virome/user_metagenomes/chunxiaosudi/HJ3_D7.soap.graph_k65.contig.20w.fna.gz": Operation not permitted (1)
rsync: failed to set permissions on "/diag/projects/virome/user_metagenomes/chunxiaosudi/L6Q_C2.soap.graph_k41.contig.20w.fna.gz": Operation not permitted (1)
rsync: failed to set permissions on "/diag/projects/virome/user_metagenomes/chunxiaosudi/MMZ_D13.soap.graph_k57.contig.20w.fna.gz": Operation not permitted (1)
rsync: failed to set permissions on "/diag/projects/virome/user_metagenomes/chunxiaosudi/TNN_D2.soap.graph_k49.contig.20w.fna.gz": Operation not permitted (1)
rsync: failed to set permissions on "/diag/projects/virome/user_metagenomes/chunxiaosudi/UIT_C1.soap.graph_k49.contig.20w.fna.gz": Operation not permitted (1)
rsync: failed to set permissions on "/diag/projects/virome/user_metagenomes/chunxiaosudi/ZP6_D4.soap.graph_k49.contig.20w.fna.gz": Operation not permitted (1)
rsync: failed to set permissions on "/diag/projects/virome/user_metagenomes/digiboram": Operation not permitted (1)
rsync: failed to set permissions on "/diag/projects/virome/user_metagenomes/digiboram/4XW_data.fa": Operation not permitted (1)
rsync: failed to set permissions on "/diag/projects/virome/user_metagenomes/ferrellb": Operation not permitted (1)
rsync: failed to set permissions on "/diag/projects/virome/user_metagenomes/ferrellb/W3W_test_file_25MB.fasta.gz.gz": Operation not permitted (1)
rsync: failed to set permissions on "/diag/projects/virome/user_metagenomes/frischkorn": Operation not permitted (1)
rsync: failed to set permissions on "/diag/projects/virome/user_metagenomes/frischkorn/0RD_scaffolds_merged_assemb.fa.gz": Operation not permitted (1)
rsync: failed to set permissions on "/diag/projects/virome/user_metagenomes/jamimo": Operation not permitted (1)
rsync: failed to set permissions on "/diag/projects/virome/user_metagenomes/jamimo/FKW_Trinity.fasta.gz": Operation not permitted (1)
rsync: failed to set times on "/diag/projects/virome/user_metagenomes/laylengloh": Operation not permitted (1)
rsync: failed to set permissions on "/diag/projects/virome/user_metagenomes/manishas": Operation not permitted (1)
rsync: failed to set permissions on "/diag/projects/virome/user_metagenomes/manishas/JJN_dna_final50.fastq.gz": Operation not permitted (1)
rsync: failed to set permissions on "/diag/projects/virome/user_metagenomes/manishas/P0H_dna_contigs_50.fa.gz": Operation not permitted (1)
rsync: failed to set permissions on "/diag/projects/virome/user_metagenomes/mdunowsk": Operation not permitted (1)
rsync: failed to set permissions on "/diag/projects/virome/user_metagenomes/mdunowsk/6TN_moreThan1k.fa.gz": Operation not permitted (1)
rsync: failed to set permissions on "/diag/projects/virome/user_metagenomes/mhoka": Operation not permitted (1)
rsync: failed to set permissions on "/diag/projects/virome/user_metagenomes/mhoka/4K2_P911_101_viral_contigs.faa.gz": Operation not permitted (1)
rsync: failed to set permissions on "/diag/projects/virome/user_metagenomes/mhoka/HZC_P911_103_viral_contigs.faa.gz": Operation not permitted (1)
rsync: failed to set permissions on "/diag/projects/virome/user_metagenomes/mhoka/QJI_P911_102_viral_contigs.faa.gz": Operation not permitted (1)
rsync: failed to set permissions on "/diag/projects/virome/user_metagenomes/mhoka/QWH_P911_104_viral_contigs.faa.gz": Operation not permitted (1)
rsync: failed to set permissions on "/diag/projects/virome/user_metagenomes/mhoka/T2S_P911_106_viral_contigs.faa.gz": Operation not permitted (1)
rsync: failed to set permissions on "/diag/projects/virome/user_metagenomes/mhoka/Z1R_P911_105_viral_contigs.faa.gz": Operation not permitted (1)
rsync: failed to set permissions on "/diag/projects/virome/user_metagenomes/moorer": Operation not permitted (1)
rsync: failed to set permissions on "/diag/projects/virome/user_metagenomes/moorer/04Q_sample_100_contigs_300bp.fa.gz.gz": Operation not permitted (1)
rsync: failed to set permissions on "/diag/projects/virome/user_metagenomes/moorer/2P6_sample_117_contigs_300bp.fa.gz.gz": Operation not permitted (1)
rsync: failed to set permissions on "/diag/projects/virome/user_metagenomes/moorer/AY4_sample_118_b3_2_contigs_300bp.fa.gz.gz": Operation not permitted (1)
rsync: failed to set permissions on "/diag/projects/virome/user_metagenomes/moorer/BF5_sample_144_b2_contigs_300bp.fa.gz.gz": Operation not permitted (1)
rsync: failed to set permissions on "/diag/projects/virome/user_metagenomes/moorer/EZU_sample_111_a3_contigs_300bp.fa.gz.gz": Operation not permitted (1)
rsync: failed to set permissions on "/diag/projects/virome/user_metagenomes/moorer/GUF_sample_140_b2_contigs_300bp.fa.gz.gz": Operation not permitted (1)
rsync: failed to set permissions on "/diag/projects/virome/user_metagenomes/moorer/JIN_sample_135_a1_contigs_300bp.fa.gz.gz": Operation not permitted (1)
rsync: failed to set permissions on "/diag/projects/virome/user_metagenomes/moorer/MZ4_sample_130_a2_contigs_300bp.fa.gz.gz": Operation not permitted (1)
rsync: failed to set permissions on "/diag/projects/virome/user_metagenomes/moorer/NLV_sample_123_2_contigs_300bp.fa.gz.gz": Operation not permitted (1)
rsync: failed to set permissions on "/diag/projects/virome/user_metagenomes/moorer/ONI_sample_109_a1_2_conitgs_300bp.fa.gz.gz": Operation not permitted (1)
rsync: failed to set permissions on "/diag/projects/virome/user_metagenomes/moorer/W94_sample_141_contigs_300bp.fa.gz.gz": Operation not permitted (1)
rsync: failed to set permissions on "/diag/projects/virome/user_metagenomes/pangenomics": Operation not permitted (1)
rsync: failed to set permissions on "/diag/projects/virome/user_metagenomes/pangenomics/L44_ERR632168.fastq.gz": Operation not permitted (1)
rsync: failed to set permissions on "/diag/projects/virome/user_metagenomes/schellmac/temp": Operation not permitted (1)
rsync: failed to set permissions on "/diag/projects/virome/user_metagenomes/schellmac/temp/W4U_Lakeside.fa.bak": Operation not permitted (1)
rsync: failed to set permissions on "/diag/projects/virome/user_metagenomes/schellmac/temp/W4U_Lakeside.fa.gz": Operation not permitted (1)
rsync: failed to set permissions on "/diag/projects/virome/user_metagenomes/t.lachnit": Operation not permitted (1)
rsync: failed to set permissions on "/diag/projects/virome/user_metagenomes/t.lachnit/08O_HCC2.fasta.gz": Operation not permitted (1)
rsync: failed to set permissions on "/diag/projects/virome/user_metagenomes/t.lachnit/0P7_LB4cov.fasta.gz": Operation not permitted (1)
rsync: failed to set permissions on "/diag/projects/virome/user_metagenomes/t.lachnit/380_ICA2.fasta.gz": Operation not permitted (1)
rsync: failed to set permissions on "/diag/projects/virome/user_metagenomes/t.lachnit/3FF_LB6cov.fasta.gz": Operation not permitted (1)
rsync: failed to set permissions on "/diag/projects/virome/user_metagenomes/t.lachnit/791_LB1cov.fasta.gz": Operation not permitted (1)
rsync: failed to set permissions on "/diag/projects/virome/user_metagenomes/t.lachnit/7AM_SB2cov.fasta.gz": Operation not permitted (1)
rsync: failed to set permissions on "/diag/projects/virome/user_metagenomes/t.lachnit/7ZX_ICA1.fasta.gz": Operation not permitted (1)
rsync: failed to set permissions on "/diag/projects/virome/user_metagenomes/t.lachnit/9XJ_HCA1.fasta.gz": Operation not permitted (1)
rsync: failed to set permissions on "/diag/projects/virome/user_metagenomes/t.lachnit/AOG_SB6cov.fasta.gz": Operation not permitted (1)
rsync: failed to set permissions on "/diag/projects/virome/user_metagenomes/t.lachnit/BSL_HCA2.fasta.gz": Operation not permitted (1)
rsync: failed to set permissions on "/diag/projects/virome/user_metagenomes/t.lachnit/MZM_SB3cov.fasta.gz": Operation not permitted (1)
rsync: failed to set permissions on "/diag/projects/virome/user_metagenomes/t.lachnit/OBE_SB4cov.fasta.gz": Operation not permitted (1)
rsync: failed to set permissions on "/diag/projects/virome/user_metagenomes/t.lachnit/SBC_LB5cov.fasta.gz": Operation not permitted (1)
rsync: failed to set permissions on "/diag/projects/virome/user_metagenomes/t.lachnit/T37_ICC1.fasta.gz": Operation not permitted (1)
rsync: failed to set permissions on "/diag/projects/virome/user_metagenomes/t.lachnit/TL1_LB3cov.fasta.gz": Operation not permitted (1)
rsync: failed to set permissions on "/diag/projects/virome/user_metagenomes/t.lachnit/TP2_LB2cov.fasta.gz": Operation not permitted (1)
rsync: failed to set permissions on "/diag/projects/virome/user_metagenomes/t.lachnit/UZ6_HCC1.fasta.gz": Operation not permitted (1)
rsync: failed to set permissions on "/diag/projects/virome/user_metagenomes/t.lachnit/Y83_SB5cov.fasta.gz": Operation not permitted (1)
rsync: failed to set permissions on "/diag/projects/virome/user_metagenomes/t.lachnit/YPN_ICC2.fasta.gz": Operation not permitted (1)
rsync: failed to set permissions on "/diag/projects/virome/user_metagenomes/t.lachnit/Z4U_SB1cov.fasta.gz": Operation not permitted (1)
rsync: failed to set permissions on "/diag/projects/virome/user_metagenomes/tsantiagoro": Operation not permitted (1)
rsync: failed to set permissions on "/diag/projects/virome/user_metagenomes/tsantiagoro/VDK_FI3_Virus_sequences.fasta.gz": Operation not permitted (1)
rsync: failed to set permissions on "/diag/projects/virome/user_metagenomes/zhishuai": Operation not permitted (1)
rsync: failed to set permissions on "/diag/projects/virome/user_metagenomes/zhishuai/ZPW_Contig_sequences_from_Lena_S87_L001_R1_001_trimmed_assembly.fa.gz": Operation not permitted (1)
rsync: failed to set permissions on "/diag/projects/virome/user_metagenomes/zschreib/9LT_ecoliO157.fasta.gz": Operation not permitted (1)
rsync error: some files/attrs were not transferred (see previous errors) (code 23) at main.c(1505) [generator=3.0.6]
